C:\USERS\TECNEQUIP\DOCUMENTS\VISUAL STUDIO 2010\PROJECTS\POPTOOLS\DEBUG\ANSIC.OBJ
C:\USERS\TECNEQUIP\DOCUMENTS\VISUAL STUDIO 2010\PROJECTS\POPTOOLS\DEBUG\AVR.OBJ
C:\USERS\TECNEQUIP\DOCUMENTS\VISUAL STUDIO 2010\PROJECTS\POPTOOLS\DEBUG\CIRCUIT.OBJ
C:\Users\Tecnequip\Documents\Visual Studio 2010\Projects\POPTools\Debug\cl.command.1.tlog
C:\Users\Tecnequip\Documents\Visual Studio 2010\Projects\POPTools\Debug\CL.read.1.tlog
C:\Users\Tecnequip\Documents\Visual Studio 2010\Projects\POPTools\Debug\CL.write.1.tlog
C:\USERS\TECNEQUIP\DOCUMENTS\VISUAL STUDIO 2010\PROJECTS\POPTOOLS\DEBUG\COILDIALOG.OBJ
C:\USERS\TECNEQUIP\DOCUMENTS\VISUAL STUDIO 2010\PROJECTS\POPTOOLS\DEBUG\COMMENTDIALOG.OBJ
C:\USERS\TECNEQUIP\DOCUMENTS\VISUAL STUDIO 2010\PROJECTS\POPTOOLS\DEBUG\COMPILECOMMON.OBJ
C:\USERS\TECNEQUIP\DOCUMENTS\VISUAL STUDIO 2010\PROJECTS\POPTOOLS\DEBUG\CONFDIALOG.OBJ
C:\USERS\TECNEQUIP\DOCUMENTS\VISUAL STUDIO 2010\PROJECTS\POPTOOLS\DEBUG\CONTACTSDIALOG.OBJ
C:\USERS\TECNEQUIP\DOCUMENTS\VISUAL STUDIO 2010\PROJECTS\POPTOOLS\DEBUG\DRAW.OBJ
C:\USERS\TECNEQUIP\DOCUMENTS\VISUAL STUDIO 2010\PROJECTS\POPTOOLS\DEBUG\DRAW_OUTPUTDEV.OBJ
C:\USERS\TECNEQUIP\DOCUMENTS\VISUAL STUDIO 2010\PROJECTS\POPTOOLS\DEBUG\FREEZE.OBJ
C:\USERS\TECNEQUIP\DOCUMENTS\VISUAL STUDIO 2010\PROJECTS\POPTOOLS\DEBUG\GCC.OBJ
C:\USERS\TECNEQUIP\DOCUMENTS\VISUAL STUDIO 2010\PROJECTS\POPTOOLS\DEBUG\HELPDIALOG.OBJ
C:\USERS\TECNEQUIP\DOCUMENTS\VISUAL STUDIO 2010\PROJECTS\POPTOOLS\DEBUG\HELPTEXT.OBJ
C:\USERS\TECNEQUIP\DOCUMENTS\VISUAL STUDIO 2010\PROJECTS\POPTOOLS\DEBUG\INTCODE.OBJ
C:\USERS\TECNEQUIP\DOCUMENTS\VISUAL STUDIO 2010\PROJECTS\POPTOOLS\DEBUG\INTERPRETED.OBJ
C:\USERS\TECNEQUIP\DOCUMENTS\VISUAL STUDIO 2010\PROJECTS\POPTOOLS\DEBUG\IOLIST.OBJ
C:\USERS\TECNEQUIP\DOCUMENTS\VISUAL STUDIO 2010\PROJECTS\POPTOOLS\DEBUG\LANG.OBJ
C:\USERS\TECNEQUIP\DOCUMENTS\VISUAL STUDIO 2010\PROJECTS\POPTOOLS\DEBUG\LDMICRO.OBJ
C:\USERS\TECNEQUIP\DOCUMENTS\VISUAL STUDIO 2010\PROJECTS\POPTOOLS\DEBUG\LDMICRO.RES
C:\Users\Tecnequip\Documents\Visual Studio 2010\Projects\POPTools\Debug\link.command.1.tlog
C:\Users\Tecnequip\Documents\Visual Studio 2010\Projects\POPTools\Debug\link.read.1.tlog
C:\Users\Tecnequip\Documents\Visual Studio 2010\Projects\POPTools\Debug\link.write.1.tlog
C:\Users\Tecnequip\Documents\Visual Studio 2010\Projects\POPTools\Debug\link-cvtres.read.1.tlog
C:\Users\Tecnequip\Documents\Visual Studio 2010\Projects\POPTools\Debug\link-cvtres.write.1.tlog
C:\USERS\TECNEQUIP\DOCUMENTS\VISUAL STUDIO 2010\PROJECTS\POPTOOLS\DEBUG\LOADSAVE.OBJ
C:\USERS\TECNEQUIP\DOCUMENTS\VISUAL STUDIO 2010\PROJECTS\POPTOOLS\DEBUG\LUTDIALOG.OBJ
C:\USERS\TECNEQUIP\DOCUMENTS\VISUAL STUDIO 2010\PROJECTS\POPTOOLS\DEBUG\MAINCONTROLS.OBJ
C:\USERS\TECNEQUIP\DOCUMENTS\VISUAL STUDIO 2010\PROJECTS\POPTOOLS\DEBUG\MISCUTIL.OBJ
C:\Users\Tecnequip\Documents\Visual Studio 2010\Projects\POPTools\Debug\mt.command.1.tlog
C:\Users\Tecnequip\Documents\Visual Studio 2010\Projects\POPTools\Debug\mt.read.1.tlog
C:\Users\Tecnequip\Documents\Visual Studio 2010\Projects\POPTools\Debug\mt.write.1.tlog
C:\USERS\TECNEQUIP\DOCUMENTS\VISUAL STUDIO 2010\PROJECTS\POPTOOLS\DEBUG\PIC16.OBJ
C:\USERS\TECNEQUIP\DOCUMENTS\VISUAL STUDIO 2010\PROJECTS\POPTOOLS\DEBUG\POPTOOLS.EXE
C:\USERS\TECNEQUIP\DOCUMENTS\VISUAL STUDIO 2010\PROJECTS\POPTOOLS\DEBUG\POPTOOLS.EXE.EMBED.MANIFEST.RES
C:\USERS\TECNEQUIP\DOCUMENTS\VISUAL STUDIO 2010\PROJECTS\POPTOOLS\DEBUG\POPTOOLS.EXE.INTERMEDIATE.MANIFEST
C:\USERS\TECNEQUIP\DOCUMENTS\VISUAL STUDIO 2010\PROJECTS\POPTOOLS\DEBUG\POPTOOLS.ILK
C:\USERS\TECNEQUIP\DOCUMENTS\VISUAL STUDIO 2010\PROJECTS\POPTOOLS\DEBUG\POPTOOLS.PDB
C:\Users\Tecnequip\Documents\Visual Studio 2010\Projects\POPTools\Debug\rc.command.1.tlog
C:\Users\Tecnequip\Documents\Visual Studio 2010\Projects\POPTools\Debug\rc.read.1.tlog
C:\Users\Tecnequip\Documents\Visual Studio 2010\Projects\POPTools\Debug\rc.write.1.tlog
C:\USERS\TECNEQUIP\DOCUMENTS\VISUAL STUDIO 2010\PROJECTS\POPTOOLS\DEBUG\RESETDIALOG.OBJ
C:\USERS\TECNEQUIP\DOCUMENTS\VISUAL STUDIO 2010\PROJECTS\POPTOOLS\DEBUG\SCHEMATIC.OBJ
C:\USERS\TECNEQUIP\DOCUMENTS\VISUAL STUDIO 2010\PROJECTS\POPTOOLS\DEBUG\SIMPLEDIALOG.OBJ
C:\USERS\TECNEQUIP\DOCUMENTS\VISUAL STUDIO 2010\PROJECTS\POPTOOLS\DEBUG\SIMULATE.OBJ
C:\USERS\TECNEQUIP\DOCUMENTS\VISUAL STUDIO 2010\PROJECTS\POPTOOLS\DEBUG\UNDOREDO.OBJ
C:\Users\Tecnequip\Documents\Visual Studio 2010\Projects\POPTools\Debug\vc100.idb
C:\USERS\TECNEQUIP\DOCUMENTS\VISUAL STUDIO 2010\PROJECTS\POPTOOLS\DEBUG\VC100.PDB
