Microsoft HTML Help Compiler 4.74.8702

Compiling c:\Pessoal\SVN\Help\Ajuda.chm

img\bottom_line.gif
topics\Default.htm
img\Diagramaladder.png
img\Diagramaladder10.png
img\Diagramaladder11.JPG
img\Diagramaladder12.png
img\Diagramaladder13.JPG
img\Diagramaladder14.png
img\Diagramaladder15.JPG
img\Diagramaladder16.png
img\Diagramaladder2.png
img\Diagramaladder3.png
img\Diagramaladder4.png
img\Diagramaladder5.JPG
img\Diagramaladder6.png
img\Diagramaladder7.JPG
img\Diagramaladder8.png
img\Diagramaladder9.JPG
img\icon.jpg
img\InstrBobina.png
img\InstrBobina2.png
img\InstrContact.png
img\InstrContact2.png
css\styles_standard.css
topics\Topic1.htm
img\topicbar.gif
img\topicbar_left.gif
img\WelcomeLogo.png
img\WelcomePicture.png
Contents.hhc
Index.hhk
topics\FileNew.htm
topics\FileOpen.htm
topics\FileSave.htm
topics\FileSaveAs.htm
topics\FileSaveAsLadder.htm
topics\FileSaveAsC.htm
topics\FileSaveAsText.htm
topics\About.htm
topics\Exit.htm
topics\Undo.htm
topics\Redo.htm
topics\GoHome.htm
topics\GoEnd.htm
topics\CopyInstr.htm
topics\PasteInstr.htm
topics\DeleteInstr.htm
topics\InstrComment.htm
topics\FindDialog.htm
topics\Find.htm
topics\InsertLine.htm
topics\InsertLineAfter.htm
topics\InsertLineBefore.htm
topics\DeleteLine.htm
topics\MoveLineUp.htm
topics\MoveLineDown.htm
topics\Config.htm
topics\ConfigSerial.htm
topics\ConfigRede.htm
topics\ConfigPosicionamento.htm
topics\Settings.htm
topics\Compile.htm
topics\CompileAs.htm
topics\CompileAndProgram.htm
topics\Debug.htm
topics\Simulation.htm
topics\UserManual.htm
topics\KeyboardManual.htm
topics\Examples.htm
topics\ExampleAdcLed.htm
topics\ExampleSemaphore.htm
topics\InstrContact.htm
topics\InstrCoil.htm
topics\InstrOneShotRising.htm
topics\InstrOneShotFalling.htm
topics\InstrMasterRelayControl.htm
topics\InstrCircuitOpen.htm
topics\InstrCircuitClosed.htm
topics\InstrTimerON.htm
topics\InstrTimerOFF.htm
topics\InstrTimerONRet.htm
topics\InstrSchedule.htm
topics\InstrTimerReset.htm
topics\InstrCounterInc.htm
topics\InstrCounterDec.htm
topics\InstrCounterCirc.htm
topics\InstrCounterReset.htm
topics\InstrMov.htm
topics\InstrSetBit.htm
topics\InstrCheckBit.htm
topics\InstrPersist.htm
topics\InstrCondEqual.htm
topics\InstrCondNotEqual.htm
topics\InstrCondGreater.htm
topics\InstrCondGreaterEqual.htm
topics\InstrCondLesser.htm
topics\InstrCondLesserEqual.htm
topics\InstrMathAdd.htm
topics\InstrMathSub.htm
topics\InstrMathMult.htm
topics\InstrMathDivide.htm
topics\InstrMathSqrt.htm
topics\InstrShiftRegister.htm
topics\InstrLookUpTable.htm
topics\InstrPieceWiseLinear.htm
topics\InstrReadAD.htm
topics\InstrWriteDA.htm
topics\InstrPWM.htm
topics\InstrRampDA.htm
topics\InstrReadEnc.htm
topics\InstrResetEnc.htm
topics\InstrReadModBUS485.htm
topics\InstrWriteModBUS485.htm
topics\InstrReadModBUSEth.htm
topics\InstrWriteModBUSEth.htm
topics\InstrReadFormatString.htm
topics\InstrWriteFormatString.htm
topics\InstrReadChar.htm
topics\InstrWriteChar.htm
topics\InstrReadNS600.htm
topics\InstrWriteNS600.htm
topics\InstrReadUSS.htm
topics\InstrWriteUSS.htm
topics\SimulationStart.htm
topics\SimulationStop.htm
topics\SimulationPause.htm
topics\SimulationSingleCycle.htm
topics\SimulationExit.htm
HHC3004: Warning: TeclasAtalho.htm : The HTML tag ")</td" is not a valid HTML tag (it does not begin with an alphanumeric character).
topics\TeclasAtalho.htm
topics\License.htm
topics\Diagramaladder.htm
topics\Primeiroladder.htm
topics\Exemplodeaplicacao.htm
img\ConfigSerial.png
img\ConfigRede.png
img\ConfigPosicionamento.png
img\Diagramaladder17.png

Compile time: 0 minutes, 3 seconds
106	Topics
428	Local links
0	Internet links
4	Graphics


Created c:\Pessoal\SVN\Help\Ajuda.chm, 740,051 bytes
Compression decreased file by 185,235 bytes.
