Build started 26/05/2010 11:44:44.
Project "C:\Users\Tecnequip\Documents\Visual Studio 2010\Projects\POPTools\POPTools.vcxproj" on node 2 (build target(s)).
InitializeBuildStatus:
  Creating "Release\POPTools.unsuccessfulbuild" because "AlwaysCreate" was specified.
ClCompile:
  C:\Program Files\Microsoft Visual Studio 10.0\VC\bin\CL.exe /c /Zi /nologo /W3 /WX- /O2 /Oi /Oy- /GL /D WIN32 /D _WIN32_WINNT=0x400 /D ISOLATION_AWARE_ENABLED /D _WIN32_IE=0x400 /D WIN32_LEAN_AND_MEAN /D _CRT_SECURE_NO_WARNINGS /D LDLANG_PT /D NDEBUG /D _WINDOWS /D POP7_ONLY /Gm- /EHsc /MT /GS /Gy /fp:precise /Zc:wchar_t /Zc:forScope /Fo"Release\\" /Fd"Release\vc100.pdb" /Gd /TP /analyze- /errorReport:prompt helptext.cpp
  helptext.cpp
ResourceCompile:
  All outputs are up-to-date.
Link:
  C:\Program Files\Microsoft Visual Studio 10.0\VC\bin\link.exe /ERRORREPORT:PROMPT /OUT:"C:\Users\Tecnequip\Documents\Visual Studio 2010\Projects\POPTools\Release\POPTools.exe" /INCREMENTAL:NO /NOLOGO kernel32.lib user32.lib gdi32.lib winspool.lib comdlg32.lib advapi32.lib shell32.lib ole32.lib oleaut32.lib uuid.lib odbc32.lib odbccp32.lib /MANIFEST /ManifestFile:"Release\POPTools.exe.intermediate.manifest" /MANIFESTUAC:"level='asInvoker' uiAccess='false'" /DEBUG /PDB:"C:\Users\Tecnequip\Documents\Visual Studio 2010\Projects\POPTools\Release\POPTools.pdb" /SUBSYSTEM:WINDOWS /OPT:REF /OPT:ICF /LTCG /TLBID:1 /DYNAMICBASE /NXCOMPAT /IMPLIB:"C:\Users\Tecnequip\Documents\Visual Studio 2010\Projects\POPTools\Release\POPTools.lib" /MACHINE:X86 Release\ldmicro.res
  Release\ansic.obj
  Release\avr.obj
  Release\circuit.obj
  Release\coildialog.obj
  Release\commentdialog.obj
  Release\compilecommon.obj
  Release\confdialog.obj
  Release\contactsdialog.obj
  Release\draw.obj
  Release\draw_outputdev.obj
  Release\freeze.obj
  Release\gcc.obj
  Release\helpdialog.obj
  Release\helptext.obj
  Release\intcode.obj
  Release\interpreted.obj
  Release\iolist.obj
  Release\iomap.obj
  Release\lang.obj
  Release\ldmicro.obj
  Release\loadsave.obj
  Release\lutdialog.obj
  Release\maincontrols.obj
  Release\miscutil.obj
  Release\pic16.obj
  Release\resetdialog.obj
  Release\schematic.obj
  Release\simpledialog.obj
  Release\simulate.obj
  Release\undoredo.obj
  Generating code
  Finished generating code
  POPTools.vcxproj -> C:\Users\Tecnequip\Documents\Visual Studio 2010\Projects\POPTools\Release\POPTools.exe
Manifest:
  C:\Program Files\Microsoft SDKs\Windows\v7.0A\bin\mt.exe /nologo /verbose /outputresource:"C:\Users\Tecnequip\Documents\Visual Studio 2010\Projects\POPTools\Release\POPTools.exe;#1" /manifest Release\POPTools.exe.intermediate.manifest
FinalizeBuildStatus:
  Deleting file "Release\POPTools.unsuccessfulbuild".
  Touching "Release\POPTools.lastbuildstate".
Done Building Project "C:\Users\Tecnequip\Documents\Visual Studio 2010\Projects\POPTools\POPTools.vcxproj" (build target(s)).

Build succeeded.

Time Elapsed 00:00:06.04
