C:\USERS\TECNEQUIP\DOCUMENTS\VISUAL STUDIO 2010\PROJECTS\POPTOOLS\RELEASE\ANSIC.OBJ
C:\USERS\TECNEQUIP\DOCUMENTS\VISUAL STUDIO 2010\PROJECTS\POPTOOLS\RELEASE\AVR.OBJ
C:\USERS\TECNEQUIP\DOCUMENTS\VISUAL STUDIO 2010\PROJECTS\POPTOOLS\RELEASE\CIRCUIT.OBJ
C:\Users\Tecnequip\Documents\Visual Studio 2010\Projects\POPTools\Release\cl.command.1.tlog
C:\Users\Tecnequip\Documents\Visual Studio 2010\Projects\POPTools\Release\CL.read.1.tlog
C:\Users\Tecnequip\Documents\Visual Studio 2010\Projects\POPTools\Release\CL.write.1.tlog
C:\USERS\TECNEQUIP\DOCUMENTS\VISUAL STUDIO 2010\PROJECTS\POPTOOLS\RELEASE\COILDIALOG.OBJ
C:\USERS\TECNEQUIP\DOCUMENTS\VISUAL STUDIO 2010\PROJECTS\POPTOOLS\RELEASE\COMMENTDIALOG.OBJ
C:\USERS\TECNEQUIP\DOCUMENTS\VISUAL STUDIO 2010\PROJECTS\POPTOOLS\RELEASE\COMPILECOMMON.OBJ
C:\USERS\TECNEQUIP\DOCUMENTS\VISUAL STUDIO 2010\PROJECTS\POPTOOLS\RELEASE\CONFDIALOG.OBJ
C:\USERS\TECNEQUIP\DOCUMENTS\VISUAL STUDIO 2010\PROJECTS\POPTOOLS\RELEASE\CONTACTSDIALOG.OBJ
C:\USERS\TECNEQUIP\DOCUMENTS\VISUAL STUDIO 2010\PROJECTS\POPTOOLS\RELEASE\DRAW.OBJ
C:\USERS\TECNEQUIP\DOCUMENTS\VISUAL STUDIO 2010\PROJECTS\POPTOOLS\RELEASE\DRAW_OUTPUTDEV.OBJ
C:\USERS\TECNEQUIP\DOCUMENTS\VISUAL STUDIO 2010\PROJECTS\POPTOOLS\RELEASE\FREEZE.OBJ
C:\USERS\TECNEQUIP\DOCUMENTS\VISUAL STUDIO 2010\PROJECTS\POPTOOLS\RELEASE\HELPDIALOG.OBJ
C:\USERS\TECNEQUIP\DOCUMENTS\VISUAL STUDIO 2010\PROJECTS\POPTOOLS\RELEASE\HELPTEXT.OBJ
C:\USERS\TECNEQUIP\DOCUMENTS\VISUAL STUDIO 2010\PROJECTS\POPTOOLS\RELEASE\INTCODE.OBJ
C:\USERS\TECNEQUIP\DOCUMENTS\VISUAL STUDIO 2010\PROJECTS\POPTOOLS\RELEASE\INTERPRETED.OBJ
C:\USERS\TECNEQUIP\DOCUMENTS\VISUAL STUDIO 2010\PROJECTS\POPTOOLS\RELEASE\IOLIST.OBJ
C:\USERS\TECNEQUIP\DOCUMENTS\VISUAL STUDIO 2010\PROJECTS\POPTOOLS\RELEASE\LANG.OBJ
C:\USERS\TECNEQUIP\DOCUMENTS\VISUAL STUDIO 2010\PROJECTS\POPTOOLS\RELEASE\LDMICRO.OBJ
C:\USERS\TECNEQUIP\DOCUMENTS\VISUAL STUDIO 2010\PROJECTS\POPTOOLS\RELEASE\LDMICRO.RES
C:\Users\Tecnequip\Documents\Visual Studio 2010\Projects\POPTools\Release\link.command.1.tlog
C:\Users\Tecnequip\Documents\Visual Studio 2010\Projects\POPTools\Release\link.read.1.tlog
C:\Users\Tecnequip\Documents\Visual Studio 2010\Projects\POPTools\Release\link.write.1.tlog
C:\Users\Tecnequip\Documents\Visual Studio 2010\Projects\POPTools\Release\link-cvtres.read.1.tlog
C:\Users\Tecnequip\Documents\Visual Studio 2010\Projects\POPTools\Release\link-cvtres.write.1.tlog
C:\USERS\TECNEQUIP\DOCUMENTS\VISUAL STUDIO 2010\PROJECTS\POPTOOLS\RELEASE\LOADSAVE.OBJ
C:\USERS\TECNEQUIP\DOCUMENTS\VISUAL STUDIO 2010\PROJECTS\POPTOOLS\RELEASE\LUTDIALOG.OBJ
C:\USERS\TECNEQUIP\DOCUMENTS\VISUAL STUDIO 2010\PROJECTS\POPTOOLS\RELEASE\MAINCONTROLS.OBJ
C:\USERS\TECNEQUIP\DOCUMENTS\VISUAL STUDIO 2010\PROJECTS\POPTOOLS\RELEASE\MISCUTIL.OBJ
C:\Users\Tecnequip\Documents\Visual Studio 2010\Projects\POPTools\Release\mt.command.1.tlog
C:\Users\Tecnequip\Documents\Visual Studio 2010\Projects\POPTools\Release\mt.read.1.tlog
C:\Users\Tecnequip\Documents\Visual Studio 2010\Projects\POPTools\Release\mt.write.1.tlog
C:\USERS\TECNEQUIP\DOCUMENTS\VISUAL STUDIO 2010\PROJECTS\POPTOOLS\RELEASE\PIC16.OBJ
C:\USERS\TECNEQUIP\DOCUMENTS\VISUAL STUDIO 2010\PROJECTS\POPTOOLS\RELEASE\POPTOOLS.EXE
C:\USERS\TECNEQUIP\DOCUMENTS\VISUAL STUDIO 2010\PROJECTS\POPTOOLS\RELEASE\POPTOOLS.EXE.INTERMEDIATE.MANIFEST
C:\USERS\TECNEQUIP\DOCUMENTS\VISUAL STUDIO 2010\PROJECTS\POPTOOLS\RELEASE\POPTOOLS.PDB
C:\Users\Tecnequip\Documents\Visual Studio 2010\Projects\POPTools\Release\rc.command.1.tlog
C:\Users\Tecnequip\Documents\Visual Studio 2010\Projects\POPTools\Release\rc.read.1.tlog
C:\Users\Tecnequip\Documents\Visual Studio 2010\Projects\POPTools\Release\rc.write.1.tlog
C:\USERS\TECNEQUIP\DOCUMENTS\VISUAL STUDIO 2010\PROJECTS\POPTOOLS\RELEASE\RESETDIALOG.OBJ
C:\USERS\TECNEQUIP\DOCUMENTS\VISUAL STUDIO 2010\PROJECTS\POPTOOLS\RELEASE\SCHEMATIC.OBJ
C:\USERS\TECNEQUIP\DOCUMENTS\VISUAL STUDIO 2010\PROJECTS\POPTOOLS\RELEASE\SIMPLEDIALOG.OBJ
C:\USERS\TECNEQUIP\DOCUMENTS\VISUAL STUDIO 2010\PROJECTS\POPTOOLS\RELEASE\SIMULATE.OBJ
C:\USERS\TECNEQUIP\DOCUMENTS\VISUAL STUDIO 2010\PROJECTS\POPTOOLS\RELEASE\UNDOREDO.OBJ
C:\USERS\TECNEQUIP\DOCUMENTS\VISUAL STUDIO 2010\PROJECTS\POPTOOLS\RELEASE\VC100.PDB
